<?xml version="1.0" encoding="UTF-8"?>
<!-- Generated by org.testng.reporters.JUnitXMLReporter -->
<testsuite hostname="DESKTOP-M07703K" ignored="0" name="Sanity Test" tests="3" failures="1" timestamp="06 Jun 2020 11:29:08 GMT" time="46.812" errors="0">
  <testcase name="hubSpotPageLoginPageTitle" time="10.096" classname="com.qa.hubspotapp.test.LoginPageTest"/>
  <testcase name="hubSpotSignUpLink_IsPrfesent" time="20.242" classname="com.qa.hubspotapp.test.LoginPageTest">
    <failure type="java.lang.AssertionError" message="Sign up Link is not displayed expected [true] but found [false]">
      <![CDATA[java.lang.AssertionError: Sign up Link is not displayed expected [true] but found [false]
at com.qa.hubspotapp.test.LoginPageTest.hubSpotSignUpLink_IsPrfesent(LoginPageTest.java:66)
... Removed 28 stack frames]]>
    </failure>
  </testcase> <!-- hubSpotSignUpLink_IsPrfesent -->
  <testcase name="hubSpotLogin" time="8.244" classname="com.qa.hubspotapp.test.LoginPageTest"/>
</testsuite> <!-- Sanity Test -->
