<?xml version="1.0" encoding="UTF-8"?>
<testng-results skipped="0" failed="1" ignored="0" total="3" passed="2">
  <reporter-output>
  </reporter-output>
  <suite name="Hub Spot Sanity Test Suite" duration-ms="46812" started-at="2020-06-06T11:28:21Z" finished-at="2020-06-06T11:29:08Z">
    <groups>
    </groups>
    <test name="Sanity Test" duration-ms="46812" started-at="2020-06-06T11:28:21Z" finished-at="2020-06-06T11:29:08Z">
      <class name="com.qa.hubspotapp.test.LoginPageTest">
        <test-method status="PASS" signature="setUp()[pri:0, instance:com.qa.hubspotapp.test.LoginPageTest@4d9e68d0]" name="setUp" is-config="true" duration-ms="7315" started-at="2020-06-06T11:28:21Z" finished-at="2020-06-06T11:28:28Z">
          <reporter-output>
          </reporter-output>
        </test-method> <!-- setUp -->
        <test-method status="PASS" signature="hubSpotPageLoginPageTitle()[pri:1, instance:com.qa.hubspotapp.test.LoginPageTest@4d9e68d0]" name="hubSpotPageLoginPageTitle" duration-ms="10096" started-at="2020-06-06T11:28:28Z" finished-at="2020-06-06T11:28:38Z">
          <reporter-output>
          </reporter-output>
        </test-method> <!-- hubSpotPageLoginPageTitle -->
        <test-method status="FAIL" signature="hubSpotSignUpLink_IsPrfesent()[pri:2, instance:com.qa.hubspotapp.test.LoginPageTest@4d9e68d0]" name="hubSpotSignUpLink_IsPrfesent" duration-ms="20242" started-at="2020-06-06T11:28:38Z" finished-at="2020-06-06T11:28:59Z">
          <exception class="java.lang.AssertionError">
            <message>
              <![CDATA[Sign up Link is not displayed expected [true] but found [false]]]>
            </message>
            <full-stacktrace>
              <![CDATA[java.lang.AssertionError: Sign up Link is not displayed expected [true] but found [false]
at org.testng.Assert.fail(Assert.java:96)
at org.testng.Assert.failNotEquals(Assert.java:776)
at org.testng.Assert.assertTrue(Assert.java:44)
at com.qa.hubspotapp.test.LoginPageTest.hubSpotSignUpLink_IsPrfesent(LoginPageTest.java:66)
at sun.reflect.NativeMethodAccessorImpl.invoke0(Native Method)
at sun.reflect.NativeMethodAccessorImpl.invoke(NativeMethodAccessorImpl.java:62)
at sun.reflect.DelegatingMethodAccessorImpl.invoke(DelegatingMethodAccessorImpl.java:43)
at java.lang.reflect.Method.invoke(Method.java:498)
at org.testng.internal.MethodInvocationHelper.invokeMethod(MethodInvocationHelper.java:124)
at org.testng.internal.Invoker.invokeMethod(Invoker.java:583)
at org.testng.internal.Invoker.invokeTestMethod(Invoker.java:719)
at org.testng.internal.Invoker.invokeTestMethods(Invoker.java:989)
at org.testng.internal.TestMethodWorker.invokeTestMethods(TestMethodWorker.java:125)
at org.testng.internal.TestMethodWorker.run(TestMethodWorker.java:109)
at org.testng.TestRunner.privateRun(TestRunner.java:648)
at org.testng.TestRunner.run(TestRunner.java:505)
at org.testng.SuiteRunner.runTest(SuiteRunner.java:455)
at org.testng.SuiteRunner.runSequentially(SuiteRunner.java:450)
at org.testng.SuiteRunner.privateRun(SuiteRunner.java:415)
at org.testng.SuiteRunner.run(SuiteRunner.java:364)
at org.testng.SuiteRunnerWorker.runSuite(SuiteRunnerWorker.java:52)
at org.testng.SuiteRunnerWorker.run(SuiteRunnerWorker.java:84)
at org.testng.TestNG.runSuitesSequentially(TestNG.java:1208)
at org.testng.TestNG.runSuitesLocally(TestNG.java:1137)
at org.testng.TestNG.runSuites(TestNG.java:1049)
at org.testng.TestNG.run(TestNG.java:1017)
at org.testng.remote.AbstractRemoteTestNG.run(AbstractRemoteTestNG.java:132)
at org.testng.remote.RemoteTestNG.initAndRun(RemoteTestNG.java:230)
at org.testng.remote.RemoteTestNG.main(RemoteTestNG.java:76)
]]>
            </full-stacktrace>
          </exception> <!-- java.lang.AssertionError -->
          <reporter-output>
          </reporter-output>
        </test-method> <!-- hubSpotSignUpLink_IsPrfesent -->
        <test-method status="PASS" signature="hubSpotLogin()[pri:3, instance:com.qa.hubspotapp.test.LoginPageTest@4d9e68d0]" name="hubSpotLogin" duration-ms="8244" started-at="2020-06-06T11:28:59Z" finished-at="2020-06-06T11:29:07Z">
          <reporter-output>
          </reporter-output>
        </test-method> <!-- hubSpotLogin -->
        <test-method status="PASS" signature="tearDown()[pri:0, instance:com.qa.hubspotapp.test.LoginPageTest@4d9e68d0]" name="tearDown" is-config="true" duration-ms="279" started-at="2020-06-06T11:29:07Z" finished-at="2020-06-06T11:29:08Z">
          <reporter-output>
          </reporter-output>
        </test-method> <!-- tearDown -->
      </class> <!-- com.qa.hubspotapp.test.LoginPageTest -->
    </test> <!-- Sanity Test -->
  </suite> <!-- Hub Spot Sanity Test Suite -->
</testng-results>
